[    0.000000] Initializing cgroup subsys cpuset
[    0.000000] Initializing cgroup subsys cpu
[    0.000000] Initializing cgroup subsys cpuacct
[    0.000000] Linux version 4.4.0-178-generic (buildd@lgw01-amd64-017) (gcc version 5.4.0 20160609 (Ubuntu 5.4.0-6ubuntu1~16.04.12) ) #208-Ubuntu SMP Sun Apr 5 23:45:10 UTC 2020 (Ubuntu 4.4.0-178.208-generic 4.4.217)
[    0.000000] Command line: BOOT_IMAGE=/boot/vmlinuz-4.4.0-178-generic root=LABEL=cloudimg-rootfs ro console=tty1 console=ttyS0
[    0.000000] KERNEL supported cpus:
[    0.000000]   Intel GenuineIntel
[    0.000000]   AMD AuthenticAMD
[    0.000000]   Centaur CentaurHauls
[    0.000000] x86/fpu: xstate_offset[2]:  576, xstate_sizes[2]:  256
[    0.000000] x86/fpu: Supporting XSAVE feature 0x01: 'x87 floating point registers'
[    0.000000] x86/fpu: Supporting XSAVE feature 0x02: 'SSE registers'
[    0.000000] x86/fpu: Supporting XSAVE feature 0x04: 'AVX registers'
[    0.000000] x86/fpu: Enabled xstate features 0x7, context size is 832 bytes, using 'standard' format.
[    0.000000] e820: BIOS-provided physical RAM map:
[    0.000000] BIOS-e820: [mem 0x0000000000000000-0x000000000009fbff] usable
[    0.000000] BIOS-e820: [mem 0x000000000009fc00-0x000000000009ffff] reserved
[    0.000000] BIOS-e820: [mem 0x00000000000f0000-0x00000000000fffff] reserved
[    0.000000] BIOS-e820: [mem 0x0000000000100000-0x000000003ffeffff] usable
[    0.000000] BIOS-e820: [mem 0x000000003fff0000-0x000000003fffffff] ACPI data
[    0.000000] BIOS-e820: [mem 0x00000000fec00000-0x00000000fec00fff] reserved
[    0.000000] BIOS-e820: [mem 0x00000000fee00000-0x00000000fee00fff] reserved
[    0.000000] BIOS-e820: [mem 0x00000000fffc0000-0x00000000ffffffff] reserved
[    0.000000] NX (Execute Disable) protection: active
[    0.000000] SMBIOS 2.5 present.
[    0.000000] Hypervisor detected: KVM
[    0.000000] e820: last_pfn = 0x3fff0 max_arch_pfn = 0x400000000
[    0.000000] MTRR: Disabled
[    0.000000] x86/PAT: MTRRs disabled, skipping PAT initialization too.
[    0.000000] CPU MTRRs all blank - virtualized system.
[    0.000000] x86/PAT: Configuration [0-7]: WB  WT  UC- UC  WB  WT  UC- UC  
[    0.000000] found SMP MP-table at [mem 0x0009fff0-0x0009ffff] mapped at [ffff88000009fff0]
[    0.000000] Scanning 1 areas for low memory corruption
[    0.000000] RAMDISK: [mem 0x362e0000-0x37167fff]
[    0.000000] ACPI: Early table checksum verification disabled
[    0.000000] ACPI: RSDP 0x00000000000E0000 000024 (v02 VBOX  )
[    0.000000] ACPI: XSDT 0x000000003FFF0030 00003C (v01 VBOX   VBOXXSDT 00000001 ASL  00000061)
[    0.000000] ACPI: FACP 0x000000003FFF00F0 0000F4 (v04 VBOX   VBOXFACP 00000001 ASL  00000061)
[    0.000000] ACPI: DSDT 0x000000003FFF0470 002325 (v02 VBOX   VBOXBIOS 00000002 INTL 20180105)
[    0.000000] ACPI: FACS 0x000000003FFF0200 000040
[    0.000000] ACPI: FACS 0x000000003FFF0200 000040
[    0.000000] ACPI: APIC 0x000000003FFF0240 00005C (v02 VBOX   VBOXAPIC 00000001 ASL  00000061)
[    0.000000] ACPI: SSDT 0x000000003FFF02A0 0001CC (v01 VBOX   VBOXCPUT 00000002 INTL 20180105)
[    0.000000] No NUMA configuration found
[    0.000000] Faking a node at [mem 0x0000000000000000-0x000000003ffeffff]
[    0.000000] NODE_DATA(0) allocated [mem 0x3ffeb000-0x3ffeffff]
[    0.000000] kvm-clock: Using msrs 4b564d01 and 4b564d00
[    0.000000] kvm-clock: cpu 0, msr 0:3ffe3001, primary cpu clock
[    0.000000] kvm-clock: using sched offset of 3061202498 cycles
[    0.000000] clocksource: kvm-clock: mask: 0xffffffffffffffff max_cycles: 0x1cd42e4dffb, max_idle_ns: 881590591483 ns
[    0.000000] Zone ranges:
[    0.000000]   DMA      [mem 0x0000000000001000-0x0000000000ffffff]
[    0.000000]   DMA32    [mem 0x0000000001000000-0x000000003ffeffff]
[    0.000000]   Normal   empty
[    0.000000]   Device   empty
[    0.000000] Movable zone start for each node
[    0.000000] Early memory node ranges
[    0.000000]   node   0: [mem 0x0000000000001000-0x000000000009efff]
[    0.000000]   node   0: [mem 0x0000000000100000-0x000000003ffeffff]
[    0.000000] Initmem setup node 0 [mem 0x0000000000001000-0x000000003ffeffff]
[    0.000000] ACPI: PM-Timer IO Port: 0x4008
[    0.000000] IOAPIC[0]: apic_id 2, version 32, address 0xfec00000, GSI 0-23
[    0.000000] ACPI: INT_SRC_OVR (bus 0 bus_irq 0 global_irq 2 dfl dfl)
[    0.000000] ACPI: INT_SRC_OVR (bus 0 bus_irq 9 global_irq 9 low level)
[    0.000000] Using ACPI (MADT) for SMP configuration information
[    0.000000] smpboot: Allowing 2 CPUs, 0 hotplug CPUs
[    0.000000] PM: Registered nosave memory: [mem 0x00000000-0x00000fff]
[    0.000000] PM: Registered nosave memory: [mem 0x0009f000-0x0009ffff]
[    0.000000] PM: Registered nosave memory: [mem 0x000a0000-0x000effff]
[    0.000000] PM: Registered nosave memory: [mem 0x000f0000-0x000fffff]
[    0.000000] e820: [mem 0x40000000-0xfebfffff] available for PCI devices
[    0.000000] Booting paravirtualized kernel on KVM
[    0.000000] clocksource: refined-jiffies: mask: 0xffffffff max_cycles: 0xffffffff, max_idle_ns: 7645519600211568 ns
[    0.000000] setup_percpu: NR_CPUS:512 nr_cpumask_bits:512 nr_cpu_ids:2 nr_node_ids:1
[    0.000000] PERCPU: Embedded 33 pages/cpu @ffff88003fc00000 s95448 r8192 d31528 u1048576
[    0.000000] Built 1 zonelists in Node order, mobility grouping on.  Total pages: 257912
[    0.000000] Policy zone: DMA32
[    0.000000] Kernel command line: BOOT_IMAGE=/boot/vmlinuz-4.4.0-178-generic root=LABEL=cloudimg-rootfs ro console=tty1 console=ttyS0
[    0.000000] PID hash table entries: 4096 (order: 3, 32768 bytes)
[    0.000000] Memory: 997672K/1048120K available (8626K kernel code, 1336K rwdata, 4036K rodata, 1488K init, 1292K bss, 50448K reserved, 0K cma-reserved)
[    0.000000] SLUB: HWalign=64, Order=0-3, MinObjects=0, CPUs=2, Nodes=1
[    0.000000] Kernel/User page tables isolation: enabled
[    0.000000] Hierarchical RCU implementation.
[    0.000000] 	Build-time adjustment of leaf fanout to 64.
[    0.000000] 	RCU restricting CPUs from NR_CPUS=512 to nr_cpu_ids=2.
[    0.000000] RCU: Adjusting geometry for rcu_fanout_leaf=64, nr_cpu_ids=2
[    0.000000] NR_IRQS:33024 nr_irqs:440 16
[    0.000000] Console: colour VGA+ 80x25
[    0.000000] console [tty1] enabled
[    0.000000] console [ttyS0] enabled
[    0.000000] tsc: Detected 3415.588 MHz processor
[    0.107614] Calibrating delay loop (skipped) preset value.. 6831.17 BogoMIPS (lpj=13662352)
[    0.108910] pid_max: default: 32768 minimum: 301
[    0.109569] ACPI: Core revision 20150930
[    0.110744] ACPI: 2 ACPI AML tables successfully acquired and loaded
[    0.111686] Security Framework initialized
[    0.112257] Yama: becoming mindful.
[    0.112775] AppArmor: AppArmor initialized
[    0.113415] Dentry cache hash table entries: 131072 (order: 8, 1048576 bytes)
[    0.115052] Inode-cache hash table entries: 65536 (order: 7, 524288 bytes)
[    0.116687] Mount-cache hash table entries: 2048 (order: 2, 16384 bytes)
[    0.117563] Mountpoint-cache hash table entries: 2048 (order: 2, 16384 bytes)
[    0.118563] Initializing cgroup subsys io
[    0.119156] Initializing cgroup subsys memory
[    0.119773] Initializing cgroup subsys devices
[    0.120367] Initializing cgroup subsys freezer
[    0.120989] Initializing cgroup subsys net_cls
[    0.121605] Initializing cgroup subsys perf_event
[    0.122253] Initializing cgroup subsys net_prio
[    0.122880] Initializing cgroup subsys hugetlb
[    0.123516] Initializing cgroup subsys pids
[    0.124392] mce: CPU supports 0 MCE banks
[    0.124995] Last level iTLB entries: 4KB 512, 2MB 8, 4MB 8
[    0.125706] Last level dTLB entries: 4KB 512, 2MB 32, 4MB 32, 1GB 0
[    0.126502] Spectre V1 : Mitigation: usercopy/swapgs barriers and __user pointer sanitization
[    0.127666] Spectre V2 : Mitigation: Full generic retpoline
[    0.128408] Spectre V2 : Spectre v2 / SpectreRSB mitigation: Filling RSB on context switch
[    0.129524] Speculative Store Bypass: Vulnerable
[    0.130207] MDS: Mitigation: Clear CPU buffers
[    0.133573] Freeing SMP alternatives memory: 36K
[    0.138765] ftrace: allocating 32308 entries in 127 pages
[    0.186876] smpboot: APIC(0) Converting physical 0 to logical package 0
[    0.187748] smpboot: Max logical packages: 1
[    0.188516] x2apic enabled
[    0.189128] Switched APIC routing to physical x2apic.
[    0.190628] ..TIMER: vector=0x30 apic1=0 pin1=2 apic2=-1 pin2=-1
[    0.299496] smpboot: CPU0: Intel(R) Core(TM) i5-3570K CPU @ 3.40GHz (family: 0x6, model: 0x3a, stepping: 0x9)
[    0.300951] Performance Events: unsupported p6 CPU model 58 no PMU driver, software events only.
[    0.310814] KVM setup paravirtual spinlock
[    0.311999] x86: Booting SMP configuration:
[    0.312603] .... node  #0, CPUs:      #1
[    0.313286] kvm-clock: cpu 1, msr 0:3ffe3041, secondary cpu clock
[    0.323406] mce: CPU supports 0 MCE banks
[    0.327171] x86: Booted up 1 node, 2 CPUs
[    0.327995] smpboot: Total of 2 processors activated (13662.35 BogoMIPS)
[    0.330626] devtmpfs: initialized
[    0.332490] evm: security.selinux
[    0.332995] evm: security.SMACK64
[    0.333514] evm: security.SMACK64EXEC
[    0.334050] evm: security.SMACK64TRANSMUTE
[    0.334650] evm: security.SMACK64MMAP
[    0.335189] evm: security.ima
[    0.335710] evm: security.capability
[    0.336487] clocksource: jiffies: mask: 0xffffffff max_cycles: 0xffffffff, max_idle_ns: 7645041785100000 ns
[    0.337765] futex hash table entries: 512 (order: 3, 32768 bytes)
[    0.338683] pinctrl core: initialized pinctrl subsystem
[    0.340811] RTC time:  8:30:02, date: 05/09/20
[    0.341607] NET: Registered protocol family 16
[    0.351697] cpuidle: using governor ladder
[    0.363713] cpuidle: using governor menu
[    0.364338] PCCT header not found.
[    0.364892] ACPI: bus type PCI registered
[    0.365529] acpiphp: ACPI Hot Plug PCI Controller Driver version: 0.5
[    0.366429] PCI: Using configuration type 1 for base access
[    0.380945] ACPI: Added _OSI(Module Device)
[    0.381760] ACPI: Added _OSI(Processor Device)
[    0.382803] ACPI: Added _OSI(3.0 _SCP Extensions)
[    0.383687] ACPI: Added _OSI(Processor Aggregator Device)
[    0.385317] ACPI: Executed 1 blocks of module-level executable AML code
[    0.388435] ACPI: Interpreter enabled
[    0.389166] ACPI: (supports S0 S5)
[    0.389841] ACPI: Using IOAPIC for interrupt routing
[    0.390690] PCI: Using host bridge windows from ACPI; if necessary, use "pci=nocrs" and report a bug
[    0.394497] ACPI: PCI Root Bridge [PCI0] (domain 0000 [bus 00-ff])
[    0.395296] acpi PNP0A03:00: _OSC: OS supports [ASPM ClockPM Segments MSI]
[    0.396366] acpi PNP0A03:00: _OSC: not requesting OS control; OS requires [ExtendedConfig ASPM ClockPM MSI]
[    0.397622] acpi PNP0A03:00: fail to add MMCONFIG information, can't access extended PCI configuration space under this bridge.
[    0.399345] PCI host bridge to bus 0000:00
[    0.400003] pci_bus 0000:00: root bus resource [io  0x0000-0x0cf7 window]
[    0.400894] pci_bus 0000:00: root bus resource [io  0x0d00-0xffff window]
[    0.401792] pci_bus 0000:00: root bus resource [mem 0x000a0000-0x000bffff window]
[    0.403131] pci_bus 0000:00: root bus resource [mem 0x40000000-0xfdffffff window]
[    0.404219] pci_bus 0000:00: root bus resource [bus 00-ff]
[    0.406321] pci 0000:00:01.1: legacy IDE quirk: reg 0x10: [io  0x01f0-0x01f7]
[    0.407506] pci 0000:00:01.1: legacy IDE quirk: reg 0x14: [io  0x03f6]
[    0.408711] pci 0000:00:01.1: legacy IDE quirk: reg 0x18: [io  0x0170-0x0177]
[    0.409689] pci 0000:00:01.1: legacy IDE quirk: reg 0x1c: [io  0x0376]
[    0.429324] pci 0000:00:07.0: quirk: [io  0x4000-0x403f] claimed by PIIX4 ACPI
[    0.430550] pci 0000:00:07.0: quirk: [io  0x4100-0x410f] claimed by PIIX4 SMB
[    0.435937] ACPI: PCI Interrupt Link [LNKA] (IRQs 5 9 10 *11)
[    0.437460] ACPI: PCI Interrupt Link [LNKB] (IRQs 5 9 *10 11)
[    0.438787] ACPI: PCI Interrupt Link [LNKC] (IRQs 5 *9 10 11)
[    0.440032] ACPI: PCI Interrupt Link [LNKD] (IRQs 5 9 10 *11)
[    0.441319] ACPI: Enabled 2 GPEs in block 00 to 07
[    0.442550] vgaarb: setting as boot device: PCI:0000:00:02.0
[    0.443405] vgaarb: device added: PCI:0000:00:02.0,decodes=io+mem,owns=io+mem,locks=none
[    0.444617] vgaarb: loaded
[    0.445135] vgaarb: bridge control possible 0000:00:02.0
[    0.446139] SCSI subsystem initialized
[    0.446896] ACPI: bus type USB registered
[    0.447561] usbcore: registered new interface driver usbfs
[    0.448368] usbcore: registered new interface driver hub
[    0.449195] usbcore: registered new device driver usb
[    0.450156] PCI: Using ACPI for IRQ routing
[    0.451368] NetLabel: Initializing
[    0.451863] NetLabel:  domain hash size = 128
[    0.452457] NetLabel:  protocols = UNLABELED CIPSOv4
[    0.453131] NetLabel:  unlabeled traffic allowed by default
[    0.454024] amd_nb: Cannot enumerate AMD northbridges
[    0.454747] clocksource: Switched to clocksource kvm-clock
[    0.460408] AppArmor: AppArmor Filesystem Enabled
[    0.461116] pnp: PnP ACPI init
[    0.462184] pnp: PnP ACPI: found 3 devices
[    0.470701] clocksource: acpi_pm: mask: 0xffffff max_cycles: 0xffffff, max_idle_ns: 2085701024 ns
[    0.471902] NET: Registered protocol family 2
[    0.472638] TCP established hash table entries: 8192 (order: 4, 65536 bytes)
[    0.473498] TCP bind hash table entries: 8192 (order: 5, 131072 bytes)
[    0.474313] TCP: Hash tables configured (established 8192 bind 8192)
[    0.475139] UDP hash table entries: 512 (order: 2, 16384 bytes)
[    0.475881] UDP-Lite hash table entries: 512 (order: 2, 16384 bytes)
[    0.476688] NET: Registered protocol family 1
[    0.477291] pci 0000:00:00.0: Limiting direct PCI/PCI transfers
[    0.478048] pci 0000:00:01.0: Activating ISA DMA hang workarounds
[    0.478921] Unpacking initramfs...
[    0.623810] Freeing initrd memory: 14880K
[    0.624660] RAPL PMU detected, API unit is 2^-32 Joules, 3 fixed counters 10737418240 ms ovfl timer
[    0.625871] hw unit of domain pp0-core 2^-0 Joules
[    0.627179] hw unit of domain package 2^-0 Joules
[    0.628587] hw unit of domain pp1-gpu 2^-0 Joules
[    0.629958] clocksource: tsc: mask: 0xffffffffffffffff max_cycles: 0x313bd4213be, max_idle_ns: 440795211210 ns
[    0.631362] platform rtc_cmos: registered platform RTC device (no PNP device found)
[    0.632525] Scanning for low memory corruption every 60 seconds
[    0.633692] audit: initializing netlink subsys (disabled)
[    0.634434] audit: type=2000 audit(1589013007.239:1): initialized
[    0.635424] Initialise system trusted keyring
[    0.636363] HugeTLB registered 2 MB page size, pre-allocated 0 pages
[    0.638106] zbud: loaded
[    0.638871] VFS: Disk quotas dquot_6.6.0
[    0.639488] VFS: Dquot-cache hash table entries: 512 (order 0, 4096 bytes)
[    0.640521] squashfs: version 4.0 (2009/01/31) Phillip Lougher
[    0.641540] fuse init (API version 7.23)
[    0.642185] Key type big_key registered
[    0.642766] Allocating IMA MOK and blacklist keyrings.
[    0.644278] Key type asymmetric registered
[    0.644894] Asymmetric key parser 'x509' registered
[    0.645594] Block layer SCSI generic (bsg) driver version 0.4 loaded (major 249)
[    0.646652] io scheduler noop registered
[    0.647249] io scheduler deadline registered (default)
[    0.647945] io scheduler cfq registered
[    0.648589] pci_hotplug: PCI Hot Plug PCI Core version: 0.5
[    0.649335] pciehp: PCI Express Hot Plug Controller Driver version: 0.4
[    0.650279] ACPI: AC Adapter [AC] (on-line)
[    0.650911] input: Power Button as /devices/LNXSYSTM:00/LNXPWRBN:00/input/input0
[    0.651998] ACPI: Power Button [PWRF]
[    0.652598] input: Sleep Button as /devices/LNXSYSTM:00/LNXSLPBN:00/input/input1
[    0.653647] ACPI: Sleep Button [SLPF]
[    0.654356] GHES: HEST is not enabled!
[    0.655004] Serial: 8250/16550 driver, 32 ports, IRQ sharing enabled
[    0.676149] 00:02: ttyS0 at I/O 0x3f8 (irq = 4, base_baud = 115200) is a 16550A
[    0.681272] Linux agpgart interface v0.103
[    0.683539] loop: module loaded
[    0.684485] scsi host0: ata_piix
[    0.685195] scsi host1: ata_piix
[    0.685766] ata1: PATA max UDMA/33 cmd 0x1f0 ctl 0x3f6 bmdma 0xd000 irq 14
[    0.686629] ata2: PATA max UDMA/33 cmd 0x170 ctl 0x376 bmdma 0xd008 irq 15
[    0.687573] libphy: Fixed MDIO Bus: probed
[    0.688165] tun: Universal TUN/TAP device driver, 1.6
[    0.688828] tun: (C) 1999-2004 Max Krasnyansky <maxk@qualcomm.com>
[    0.689636] PPP generic driver version 2.4.2
[    0.690274] ehci_hcd: USB 2.0 'Enhanced' Host Controller (EHCI) Driver
[    0.691154] ehci-pci: EHCI PCI platform driver
[    0.691789] ehci-platform: EHCI generic platform driver
[    0.692482] ohci_hcd: USB 1.1 'Open' Host Controller (OHCI) Driver
[    0.693274] ohci-pci: OHCI PCI platform driver
[    0.693895] ohci-platform: OHCI generic platform driver
[    0.694576] uhci_hcd: USB Universal Host Controller Interface driver
[    0.695451] i8042: PNP: PS/2 Controller [PNP0303:PS2K,PNP0f03:PS2M] at 0x60,0x64 irq 1,12
[    0.697000] serio: i8042 KBD port at 0x60,0x64 irq 1
[    0.697668] serio: i8042 AUX port at 0x60,0x64 irq 12
[    0.698407] mousedev: PS/2 mouse device common for all mice
[    0.699548] rtc_cmos rtc_cmos: rtc core: registered rtc_cmos as rtc0
[    0.700409] rtc_cmos rtc_cmos: alarms up to one day, 114 bytes nvram
[    0.701265] i2c /dev entries driver
[    0.701837] input: AT Translated Set 2 keyboard as /devices/platform/i8042/serio0/input/input2
[    0.703097] device-mapper: uevent: version 1.0.3
[    0.703868] device-mapper: ioctl: 4.34.0-ioctl (2015-10-28) initialised: dm-devel@redhat.com
[    0.705006] ledtrig-cpu: registered to indicate activity on CPUs
[    0.706141] NET: Registered protocol family 10
[    0.707021] NET: Registered protocol family 17
[    0.707660] Key type dns_resolver registered
[    0.708427] registered taskstats version 1
[    0.709035] Loading compiled-in X.509 certificates
[    0.710178] Loaded X.509 cert 'Build time autogenerated kernel key: f33c437cc9123d9712070bdfe932b55b24c56047'
[    0.711499] zswap: loaded using pool lzo/zbud
[    0.714099] Key type trusted registered
[    0.717115] Key type encrypted registered
[    0.717700] AppArmor: AppArmor sha1 policy hashing enabled
[    0.718428] ima: No TPM chip found, activating TPM-bypass!
[    0.719156] ima: Allocated hash algorithm: sha1
[    0.719791] evm: HMAC attrs: 0x1
[    0.720563]   Magic number: 4:992:522
[    0.721195] rtc_cmos rtc_cmos: setting system clock to 2020-05-09 08:30:02 UTC (1589013002)
[    0.722440] BIOS EDD facility v0.16 2004-Jun-25, 0 devices found
[    0.723247] EDD information not available.
[    0.867535] Freeing unused kernel memory: 1488K
[    0.868654] Write protecting the kernel read-only data: 14336k
[    0.870328] Freeing unused kernel memory: 1604K
[    0.871437] Freeing unused kernel memory: 60K
Loading, please wait...
starting version 229
[    0.884532] random: systemd-udevd: uninitialized urandom read (16 bytes read, 1 bits of entropy available)
[    0.885213] random: udevadm: uninitialized urandom read (16 bytes read, 1 bits of entropy available)
[    0.885233] random: udevadm: uninitialized urandom read (16 bytes read, 1 bits of entropy available)
[    0.889304] random: systemd-udevd: uninitialized urandom read (16 bytes read, 1 bits of entropy available)
[    0.890876] random: systemd-udevd: uninitialized urandom read (16 bytes read, 1 bits of entropy available)
[    0.892421] random: systemd-udevd: uninitialized urandom read (16 bytes read, 1 bits of entropy available)
[    0.893789] random: udevadm: uninitialized urandom read (16 bytes read, 1 bits of entropy available)
[    0.893829] random: udevadm: uninitialized urandom read (16 bytes read, 1 bits of entropy available)
[    0.893966] random: udevadm: uninitialized urandom read (16 bytes read, 1 bits of entropy available)
[    0.894018] random: udevadm: uninitialized urandom read (16 bytes read, 1 bits of entropy available)
[    0.927603] e1000: Intel(R) PRO/1000 Network Driver - version 7.3.21-k8-NAPI
[    0.928520] e1000: Copyright (c) 1999-2006 Intel Corporation.
[    0.931694] Fusion MPT base driver 3.04.20
[    0.932568] Copyright (c) 1999-2008 LSI Corporation
[    0.939291] Fusion MPT SPI Host driver 3.04.20
[    0.945978] AVX version of gcm_enc/dec engaged.
[    0.946631] AES CTR mode by8 optimization enabled
[    1.156828] input: ImExPS/2 Generic Explorer Mouse as /devices/platform/i8042/serio1/input/input4
[    1.657465] e1000 0000:00:03.0 eth0: (PCI:33MHz:32-bit) 02:7c:3b:f4:17:68
[    1.658383] e1000 0000:00:03.0 eth0: Intel(R) PRO/1000 Network Connection
[    1.659717] mptbase: ioc0: Initiating bringup
[    1.659993] e1000 0000:00:03.0 enp0s3: renamed from eth0
[    1.723232] ioc0: LSI53C1030 A0: Capabilities={Initiator}
[    1.886787] scsi host2: ioc0: LSI53C1030 A0, FwRev=00000000h, Ports=1, MaxQ=256, IRQ=20
[    2.003759] scsi 2:0:0:0: Direct-Access     VBOX     HARDDISK         1.0  PQ: 0 ANSI: 5
[    2.006086] scsi target2:0:0: Beginning Domain Validation
[    2.009012] scsi target2:0:0: Domain Validation skipping write tests
[    2.010635] scsi target2:0:0: Ending Domain Validation
[    2.012169] scsi target2:0:0: asynchronous
[    2.013209] scsi 2:0:1:0: Direct-Access     VBOX     HARDDISK         1.0  PQ: 0 ANSI: 5
[    2.021126] scsi target2:0:1: Beginning Domain Validation
[    2.022882] scsi target2:0:1: Domain Validation skipping write tests
[    2.023721] scsi target2:0:1: Ending Domain Validation
[    2.024447] scsi target2:0:1: asynchronous
[    2.029988] sd 2:0:0:0: Attached scsi generic sg0 type 0
[    2.030797] sd 2:0:0:0: [sda] 20971520 512-byte logical blocks: (10.7 GB/10.0 GiB)
[    2.032254] sd 2:0:1:0: Attached scsi generic sg1 type 0
[    2.033005] sd 2:0:1:0: [sdb] 20480 512-byte logical blocks: (10.5 MB/10.0 MiB)
[    2.034265] sd 2:0:1:0: [sdb] Write Protect is off
[    2.034994] sd 2:0:0:0: [sda] Write Protect is off
[    2.035933] sd 2:0:1:0: [sdb] Incomplete mode parameter data
[    2.036686] sd 2:0:1:0: [sdb] Assuming drive cache: write through
[    2.037490] sd 2:0:0:0: [sda] Incomplete mode parameter data
[    2.038233] sd 2:0:0:0: [sda] Assuming drive cache: write through
[    2.040637]  sda: sda1
[    2.041890] sd 2:0:1:0: [sdb] Attached SCSI disk
[    2.043085] sd 2:0:0:0: [sda] Attached SCSI disk
Begin: Loading essential drivers ... [    3.290657] md: linear personality registered for level -1
[    3.294186] md: multipath personality registered for level -4
[    3.297666] md: raid0 personality registered for level 0
[    3.302542] md: raid1 personality registered for level 1
[    3.374824] raid6: sse2x1   gen() 11895 MB/s
[    3.442822] raid6: sse2x1   xor()  9396 MB/s
[    3.510797] raid6: sse2x2   gen() 14805 MB/s
[    3.578819] raid6: sse2x2   xor() 10453 MB/s
[    3.646810] raid6: sse2x4   gen() 17411 MB/s
[    3.714784] raid6: sse2x4   xor() 12911 MB/s
[    3.715463] raid6: using algorithm sse2x4 gen() 17411 MB/s
[    3.716144] raid6: .... xor() 12911 MB/s, rmw enabled
[    3.716803] raid6: using ssse3x2 recovery algorithm
[    3.718744] xor: automatically using best checksumming function:
[    3.767886]    avx       : 40104.000 MB/sec
[    3.771495] async_tx: api initialized (async)
[    3.787562] md: raid6 personality registered for level 6
[    3.789301] md: raid5 personality registered for level 5
[    3.790516] md: raid4 personality registered for level 4
[    3.802456] md: raid10 personality registered for level 10
done.
Begin: Running /scripts/init-premount ... done.
Begin: Mounting root file system ... Begin: Running /scripts/local-top ... done.
Begin: Running /scripts/local-premount ... [    3.834217] Btrfs loaded
Scanning for Btrfs filesystems
done.
Warning: fsck not present, so skipping root file system
[    3.878104] EXT4-fs (sda1): mounted filesystem with ordered data mode. Opts: (null)
done.
Begin: Running /scripts/local-bottom ... done.
Begin: Running /scripts/init-bottom ... done.
[    3.988189] systemd[1]: systemd 229 running in system mode. (+PAM +AUDIT +SELINUX +IMA +APPARMOR +SMACK +SYSVINIT +UTMP +LIBCRYPTSETUP +GCRYPT +GNUTLS +ACL +XZ -LZ4 +SECCOMP +BLKID +ELFUTILS +KMOD -IDN)
[    3.990911] systemd[1]: Detected virtualization oracle.
[    3.991636] systemd[1]: Detected architecture x86-64.

Welcome to [1mUbuntu 16.04.6 LTS[0m!

[    3.995340] systemd[1]: Set hostname to <ubuntu>.
[    3.998237] systemd[1]: Initializing machine ID from random generator.
[    3.999133] systemd[1]: Installed transient /etc/machine-id file.
[    4.117553] systemd[1]: Listening on LVM2 metadata daemon socket.
[[0;32m  OK  [0m] Listening on LVM2 metadata daemon socket.
[    4.119588] systemd[1]: Listening on Syslog Socket.
[[0;32m  OK  [0m] Listening on Syslog Socket.
[    4.121084] systemd[1]: Reached target User and Group Name Lookups.
[[0;32m  OK  [0m] Reached target User and Group Name Lookups.
[    4.124227] systemd[1]: Set up automount Arbitrary Executable File Formats File System Automount Point.
[[0;32m  OK  [0m] Set up automount Arbitrary Executab...ats File System Automount Point.
[    4.126832] systemd[1]: Created slice System Slice.
[[0;32m  OK  [0m] Created slice System Slice.
[    4.128179] systemd[1]: Reached target System Time Synchronized.
[[0;32m  OK  [0m] Reached target System Time Synchronized.
[    4.130222] systemd[1]: Created slice system-serial\x2dgetty.slice.
[[0;32m  OK  [0m] Created slice system-serial\x2dgetty.slice.
[    4.139043] systemd[1]: Listening on LVM2 poll daemon socket.
[[0;32m  OK  [0m] Listening on LVM2 poll daemon socket.
[    4.140651] systemd[1]: Listening on Device-mapper event daemon FIFOs.
[[0;32m  OK  [0m] Listening on Device-mapper event daemon FIFOs.
[    4.142358] systemd[1]: Listening on Journal Audit Socket.
[[0;32m  OK  [0m] Listening on Journal Audit Socket.
[    4.143831] systemd[1]: Listening on /dev/initctl Compatibility Named Pipe.
[[0;32m  OK  [0m] Listening on /dev/initctl Compatibility Named Pipe.
[    4.145555] systemd[1]: Started Forward Password Requests to Wall Directory Watch.
[[0;32m  OK  [0m] Started Forward Password Requests to Wall Directory Watch.
[    4.147553] systemd[1]: Listening on Journal Socket (/dev/log).
[[0;32m  OK  [0m] Listening on Journal Socket (/dev/log).
[    4.151068] systemd[1]: Listening on Journal Socket.
[[0;32m  OK  [0m] Listening on Journal Socket.
[    4.163057] systemd[1]: Starting Nameserver information manager...
         Starting Nameserver information manager...
[    4.166054] systemd[1]: Starting Monitoring of LVM2 mirrors, snapshots etc. using dmeventd or progress polling...
         Starting Monitoring of LVM2 mirrors... dmeventd or progress polling...
[    4.169802] systemd[1]: Starting Set console keymap...
         Starting Set console keymap...
[    4.171731] systemd[1]: Starting Remount Root and Kernel File Systems...
         Starting Remount Root and Kernel File Systems...
[    4.173917] systemd[1]: Mounting Huge Pages File System...
         Mounting Huge Pages File System...
[    4.177146] EXT4-fs (sda1): re-mounted. Opts: (null)
[    4.177304] systemd[1]: Mounting Debug File System...
         Mounting Debug File System...
[    4.179888] systemd[1]: Starting Create list of required static device nodes for the current kernel...
         Starting Create list of required st... nodes for the current kernel...
[    4.184571] systemd[1]: Starting Load Kernel Modules...
         Starting Load Kernel Modules...
[    4.191297] systemd[1]: Reached target Swap.
[[0;32m  OK  [0m] Reached target Swap.
[    4.193040] systemd[1]: Started Trigger resolvconf update for networkd DNS.
[[0;32m  OK  [0m] Started Trigger resolvconf update for networkd DNS.
[    4.194684] systemd[1]: Listening on udev Control Socket.
[[0;32m  OK  [0m] Listening on udev Control Socket.
[    4.195927] systemd[1]: Listening on udev Kernel Socket.
[[0;32m  OK  [0m] Listening on udev Kernel Socket.
[    4.197635] systemd[1]: Starting Journal Service...
         Starting Journal Service...
[    4.199014] systemd[1]: Created slice User and Session Slice.
[[0;32m  OK  [0m] Created slice User and Session Slice.
[    4.201552] Loading iSCSI transport class v2.0-870.
[    4.201640] systemd[1]: Reached target Slices.
[[0;32m  OK  [0m] Reached target Slices.
[    4.210775] iscsi: registered transport (tcp)
[    4.211397] systemd[1]: Reached target Encrypted Volumes.
[[0;32m  OK  [0m] Reached target Encrypted Volumes.
[    4.213347] systemd[1]: Mounting POSIX Message Queue File System...
         Mounting POSIX Message Queue File System...
[    4.215063] systemd[1]: Starting Uncomplicated firewall...
         Starting Uncomplicated firewall...
[    4.217646] systemd[1]: Mounted POSIX Message Queue File System.
[[0;32m  OK  [0m] Mounted POSIX Message Queue File System.
[    4.219089] systemd[1]: Mounted Huge Pages File System.
[[0;32m  OK  [0m] Mounted Huge Pages File System.
[    4.221007] systemd[1]: Mounted Debug File System.
[[0;32m  OK  [0m] Mounted Debug File System.
[    4.230646] systemd[1]: Started Journal Service.
[[0;32m  OK  [0m] Started Journal Service.
[[0;32m  OK  [0m] Started Remount Root and Kernel File Systems.
[[0;32m  OK  [0m] Started Create list of required sta...ce nodes for the current kernel.
[[0;32m  OK  [0m] Started Set console keymap.
[[0;32m  OK  [0m] Started Uncomplicated firewall.
[[0;32m  OK  [0m] Started Nameserver information manager.
[[0;32m  OK  [0m] Started LVM2 metadata daemon.
         Starting Create Static Device Nodes in /dev...
[    4.250614] iscsi: registered transport (iser)
         Starting udev Coldplug all Devices...
         Starting Load/Save Random Seed...
         Starting Flush Journal to Persistent Storage...
[[0;32m  OK  [0m] Started Load Kernel Modules.
[[0;32m  OK  [0m] Started Load/Save Random Seed.
         Starting Apply Kernel Variables...
         Mounting FUSE Control File System...
[[0;32m  OK  [0m] Mounted FUSE Control File System.
[    4.275948] systemd-journald[399]: Received request to flush runtime journal from PID 1
[[0;32m  OK  [0m] Started Flush Journal to Persistent Storage.
[[0;32m  OK  [0m] Started Apply Kernel Variables.
[[0;32m  OK  [0m] Started Create Static Device Nodes in /dev.
[[0;32m  OK  [0m] Started udev Coldplug all Devices.
         Starting udev Kernel Device Manager...
[[0;32m  OK  [0m] Started udev Kernel Device Manager.
[[0;32m  OK  [0m] Started Dispatch Password Requests to Console Directory Watch.
[[0;32m  OK  [0m] Found device /dev/ttyS0.
[[0;32m  OK  [0m] Listening on Load/Save RF Kill Switch Status /dev/rfkill Watch.
[[0;32m  OK  [0m] Started Monitoring of LVM2 mirrors,...ng dmeventd or progress polling.
[[0;32m  OK  [0m] Reached target Local File Systems (Pre).
[[0;32m  OK  [0m] Reached target Local File Systems.
         Starting Set console font and keymap...
         Starting LSB: AppArmor initialization...
         Starting Create Volatile Files and Directories...
         Starting Tell Plymouth To Write Out Runtime Data...
         Starting Initial cloud-init job (pre-networking)...
         Starting Commit a transient machine-id on disk...
[[0;32m  OK  [0m] Started Create Volatile Files and Directories.
[[0;32m  OK  [0m] Started Tell Plymouth To Write Out Runtime Data.
         Starting Update UTMP about System Boot/Shutdown...
[[0;32m  OK  [0m] Started Commit a transient machine-id on disk.
[[0;32m  OK  [0m] Started Update UTMP about System Boot/Shutdown.
[[0;32m  OK  [0m] Started Set console font and keymap.
[[0;32m  OK  [0m] Created slice system-getty.slice.
[[0;32m  OK  [0m] Started LSB: AppArmor initialization.
[    5.562238] cloud-init[627]: Cloud-init v. 19.4-33-gbb4131a2-0ubuntu1~16.04.1 running 'init-local' at Sat, 09 May 2020 08:30:07 +0000. Up 5.27 seconds.
[[0;32m  OK  [0m] Started Initial cloud-init job (pre-networking).
[[0;32m  OK  [0m] Reached target Network (Pre).
         Starting Raise network interfaces...
[[0;32m  OK  [0m] Started Raise network interfaces.
[[0;32m  OK  [0m] Reached target Network.
         Starting Initial cloud-init job (metadata service crawler)...
[    6.604089] cloud-init[956]: Cloud-init v. 19.4-33-gbb4131a2-0ubuntu1~16.04.1 running 'init' at Sat, 09 May 2020 08:30:07 +0000. Up 6.04 seconds.
[    6.605974] cloud-init[956]: ci-info: ++++++++++++++++++++++++++++++++++++++Net device info++++++++++++++++++++++++++++++++++++++
[    6.608568] cloud-init[956]: ci-info: +--------+------+----------------------------+---------------+--------+-------------------+
[    6.609450] cloud-init[956]: ci-info: | Device |  Up  |          Address           |      Mask     | Scope  |     Hw-Address    |
[    6.610184] cloud-init[956]: ci-info: +--------+------+----------------------------+---------------+--------+-------------------+
[    6.612795] cloud-init[956]: ci-info: | enp0s3 | True |         10.0.2.15          | 255.255.255.0 | global | 02:7c:3b:f4:17:68 |
[    6.613540] cloud-init[956]: ci-info: | enp0s3 | True | fe80::7c:3bff:fef4:1768/64 |       .       |  link  | 02:7c:3b:f4:17:68 |
[    6.614251] cloud-init[956]: ci-info: |   lo   | True |         127.0.0.1          |   255.0.0.0   |  host  |         .         |
[    6.615038] cloud-init[956]: ci-info: |   lo   | True |          ::1/128           |       .       |  host  |         .         |
[    6.615755] cloud-init[956]: ci-info: +--------+------+----------------------------+---------------+--------+-------------------+
[    6.628956] cloud-init[956]: ci-info: +++++++++++++++++++++++++++Route IPv4 info++++++++++++++++++++++++++++
[    6.629693] cloud-init[956]: ci-info: +-------+-------------+----------+---------------+-----------+-------+
[    6.630369] cloud-init[956]: ci-info: | Route | Destination | Gateway  |    Genmask    | Interface | Flags |
[    6.631036] cloud-init[956]: ci-info: +-------+-------------+----------+---------------+-----------+-------+
[    6.648456] cloud-init[956]: ci-info: |   0   |   0.0.0.0   | 10.0.2.2 |    0.0.0.0    |   enp0s3  |   UG  |
[    6.657162] cloud-init[956]: ci-info: |   1   |   10.0.2.0  | 0.0.0.0  | 255.255.255.0 |   enp0s3  |   U   |
[    6.664608] cloud-init[956]: ci-info: +-------+-------------+----------+---------------+-----------+-------+
[[0;32m  OK  [0m] Started Initial cloud-init job (metadata service crawler).
[    6.668500] cloud-init[956]: ci-info: +++++++++++++++++++Route IPv6 info+++++++++++++++++++
[[0;32m  OK  [0m] Reached target Cloud-config availability.
[[0;32m  OK  [0m] Reached target System Initialization.
[[0;32m  OK  [0m] Listening on ACPID Listen Socket.
[[0;32m  OK  [0m] Started Daily Cleanup of Temporary Directories.
         Starting Socket activation for snappy daemon.
[    6.680870] cloud-init[956]: ci-info: +-------+-------------+---------+-----------+-------+
[    6.684083] [[0;32m  OK  [0m] Started Daily apt download activities.
cloud-init[956]: ci-info: | Route | Destination | Gateway | Interface | Flags |
[    6.685275] [[0;32m  OK  [0m] Started Message of the Day.
cloud-init[956]: ci-info: +-------+-------------+---------+-----------+-------+[[0;32m  OK  [0m] Listening on D-Bus System Message Bus Socket.
[[0;32m  OK  [0m] Started Daily apt upgrade and clean activities.
[[0;32m  OK  [0m] Reached target Timers.
[[0;32m  OK  [0m] Listening on UUID daemon activation socket.

[    6.689253]          Starting LXD - unix socket.
cloud-init[956]: ci-info: |   0   |  fe80::/64  |    ::   |   enp0s3  |   U   |
[    6.696303] [cloud-init[0;32m  OK  [0m[956]: ] ci-info: |   3   |   ff00::/8  |    ::   |   enp0s3  |   U   |Started ACPI Events Check.

[    6.696888] [[0;32m  OK  [0m] Reached target Paths.
cloud-init[956]: ci-info: +-------+-------------+---------+-----------+-------+
[    6.698185] [[0;32m  OK  [0m] Reached target Network is Online.
cloud-init[956]: Generating public/private rsa key pair.
[    6.699087] cloud-init[956]: Your identification has been saved in /etc/ssh/ssh_host_rsa_key.
[    6.699891] cloud-init[956]: Your public key has been saved in /etc/ssh/ssh_host_rsa_key.pub.
[    6.700695] cloud-init[956]: The key fingerprint is:
[    6.701307] cloud-init[956]: SHA256:xEzkIQA/BKhiJ+l70+5blrAFebcKZ++TbzCAPyXHjug root@ubuntu-xenial
[    6.701958] cloud-init[956]: The key's randomart image is:
[    6.702499] cloud-init[956]: +---[RSA 2048]----+
[    6.703491] cloud-init[956]: | .ooo...+        |
[    6.705113] cloud-init[956]: |.  o  .* .       |
[    6.706783] cloud-init[956]: |. . oo..*.       |
[    6.707458] cloud-init[956]: |o+ . oo+.+.      |
[    6.707943] cloud-init[956]: |+ o  oo+S.       |
[    6.708708] cloud-init[956]: | .   .B+++       |
[    6.709249] cloud-init[956]: |  . o. =..+      |
[    6.709762] cloud-init[956]: | . o Eo .o .     |
[    6.710268] cloud-init[956]: |  . ++.  .+.     |
[    6.710766] cloud-init[956]: +----[SHA256]-----+
[    6.716330]          cloud-initStarting iSCSI initiator daemon (iscsid)...[956]: 
Generating public/private dsa key pair.
[    6.717203] cloud-init[956]: Your identification has been saved in /etc/ssh/ssh_host_dsa_key.
[    6.717801] cloud-init[956]: Your public key has been saved in /etc/ssh/ssh_host_dsa_key.pub.
[    6.718429] cloud-init[[0;32m  OK  [0m] Listening on Socket activation for snappy daemon.
[[956]: The key fingerprint is:
[    6.721786] cloud-init[956]: SHA256:N8/zQYjw5+JHEQ9Aw/rNl3ZE3BSI82rCLKikk8Ml1Zo root@ubuntu-xenial
[    6.725479] cloud-init[956]: The key's randomart image is:
[    6.726027] cloud-init[956]: +---[DSA 1024]----+
[    6.726493] cloud-init[956]: |         o+.. .++|
[0;32m  OK  [0m] Listening on LXD - unix socket.
[    6.727882] cloud-init[956]: |          .+o.  +|
[    6.728597] [[0;32m  OK  [0m] Reached target Sockets.
cloud-init[956]: [[0;32m  OK  [0m] Reached target Basic System.
|    .   ..  o+ . |
[    6.729863] cloud-init[956]: |   . .  .o ..o. .|
         Starting /etc/rc.local Compatibility...
[    6.731275] cloud-init[956]: |  . o . S.=o+..o |
[    6.732192] cloud-init[956]: | . E . . =.O+.+ .|[[0;32m  OK  [0m] Started Deferred execution scheduler.

[    6.733378] cloud-init[956]: |. * .   . +.=o.. |
         Starting LXD - container startup/shutdown...
[    6.734033] cloud-init         Starting System Logging Service...
[[0;32m  OK  [0m] Started D-Bus System Message Bus.
[956]: | * .     . ..o . |
[    6.749753] cloud-init[956]: |  o       ..  .  |
[    6.750442] cloud-init[956]: +----[SHA256]-----+
[    6.751230] cloud-init[956]: Generating public/private ecdsa key pair.
[    6.752865] cloud-init[956]: Your identification has been saved in /etc/ssh/ssh_host_ecdsa_key.
[    6.753902] cloud-init[956]: Your public key has been saved in /etc/ssh/ssh_host_ecdsa_key.pub.
[    6.755108] cloud-init[956]: The key fingerprint is:
[    6.755989] cloud-init[956]: SHA256:xabUYdSyiO5ixqN3D+pT0+d4uMWY7XtEbLpe8+LWjZk root@ubuntu-xenial
[    6.757568] cloud-init[956]: The key's randomart image is:
[    6.758764] cloud-init[956]: +---[ECDSA 256]---+
[    6.759583] cloud-init[956]: |         .+.     |
[    6.760393] cloud-init[956]: |         +...    |
[    6.761075] cloud-init[956]: |       ...=+     |
[    6.761605] cloud-init[956]: |      ...+. +    |
[    6.768336] cloud-init[956]: |     . .S  +     |
[    6.776312] cloud-init[956]: |      + .=o .    |
[    6.784347] cloud-init[956]: |   . o..o=+oo. = |
[    6.793110] cloud-init[956]: |    O.o.oo+.+oE .|
[    6.793980] cloud-init[956]: |  .*o= .o++=...  |
[    6.795162] cloud-init[956]: +----[SHA256]-----+
[    6.795696] cloud-init[956]: Generating public/private ed25519 key pair.
         Starting Accounts Service...
[    6.809175] cloud-init[956]: Your identification has been saved in /etc/ssh/ssh_host_ed25519_key.
         Starting Pollinate to seed the pseudo random number generator...
[    6.810444] cloud-init[956]: Your public key has been saved in /etc/ssh/ssh_host_ed25519_key.pub.
         Starting Login Service...
[    6.811875] cloud-init[956]: The key fingerprint is:
[    6.820977] cloud-init[[0;32m  OK  [0m] Started ACPI event daemon.
         Starting LSB: Record successful boot for GRUB...
         Starting Virtualbox guest utils...
         Starting LSB: MD monitoring daemon...
[[0;32m  OK  [0m] Started FUSE filesystem for LXC.
[[0;32m  OK  [0m] Started Regular background program processing daemon.
         Starting Snappy daemon...
[[0;32m  OK  [0m] Started System Logging Service.
[[0;32m  OK  [0m] Started /etc/rc.local Compatibility.
[956]: SHA256:Th57/D5J6ignAj6Ob+Bi+VNod2BmsD29aGqaPlbFPEc root@ubuntu-xenial
[    6.841218] cloud-init[956]: The key's randomart image is:
[    6.842695] cloud-init[956]: +--[ED25519 256]--+
[    6.843515] cloud-init[956]: |                 |
[    6.844188] cloud-init[956]: |   .   E         |
[    6.858325] [[0;32m  OK  [0m] Started iSCSI initiator daemon (iscsid).
cloud-init[956]: |    * o          |
[    6.859847] cloud-init[956]: |   . % o         |
[    6.860445] cloud-init[956]: |    * * S        |
[    6.862385] cloud-init[956]: |. .+ = * +  .    |
[    6.863431] cloud-init[956]: |.o+.= . + oo .   |
[    6.866458] cloud-init[956]: |.B=+. o .o..o    |
         Starting Login to default iSCSI targets...
[[0;32m  OK  [0m] Started Login Service.
[    6.874443] [[0;32m  OK  [0m] Started LSB: Record successful boot for GRUB.
cloud-init[956]: |*BBo.. +....o.   |
[[0;32m  OK  [0m] Started Unattended Upgrades Shutdown.
[    6.885962] cloud-init[956]: +----[SHA256]-----+
[[0;32m  OK  [0m] Started LSB: MD monitoring daemon.
         Starting Authenticate and Authorize Users to Run Privileged Tasks...
[[0;32m  OK  [0m] Started Login to default iSCSI targets.
[[0;32m  OK  [0m] Reached target Remote File Systems (Pre).
[[0;32m  OK  [0m] Reached target Remote File Systems.
         Starting LSB: daemon to balance interrupts for SMP systems...
         Starting LSB: Set the CPU Frequency Scaling governor to "ondemand"...
         Starting LSB: automatic crash report generation...
         Starting Permit User Sessions...
[[0;32m  OK  [0m] Started Authenticate and Authorize Users to Run Privileged Tasks.
[[0;32m  OK  [0m] Started LXD - container startup/shutdown.
[[0;32m  OK  [0m] Started Accounts Service.
[[0;32m  OK  [0m] Started Permit User Sessions.
         Starting Hold until boot process finishes up...
         Starting Terminate Plymouth Boot Screen...
[[0;32m  OK  [0m] Started Hold until boot process finishes up.
[[0;32m  OK  [0m] Started Serial Getty on ttyS0.
         Starting Set console scheme...
[[0;32m  OK  [0m] Started Getty on tty1.
[[0;32m  OK  [0m] Reached target Login Prompts.
[[0;32m  OK  [0m] Started Terminate Plymouth Boot Screen.
[[0;32m  OK  [0m] Started Set console scheme.
[[0;32m  OK  [0m] Started Virtualbox guest utils.
[[0;32m  OK  [0m] Started LSB: Set the CPU Frequency Scaling governor to "ondemand".
[[0;32m  OK  [0m] Started LSB: automatic crash report generation.
[[0;32m  OK  [0m] Started LSB: daemon to balance interrupts for SMP systems.
[[0;32m  OK  [0m] Started Snappy daemon.
         Starting Wait until snapd is fully seeded...
[[0;32m  OK  [0m] Started Pollinate to seed the pseudo random number generator.
         Starting OpenBSD Secure Shell server...
[[0;32m  OK  [0m] Started OpenBSD Secure Shell server.
[[0;32m  OK  [0m] Started Wait until snapd is fully seeded.
[[0;32m  OK  [0m] Reached target Multi-User System.
[[0;32m  OK  [0m] Reached target Graphical Interface.
         Starting Update UTMP about System Runlevel Changes...
         Starting Apply the settings specified in cloud-config...
[[0;32m  OK  [0m] Started Update UTMP about System Runlevel Changes.
[   11.634580] cloud-init[1313]: Generating locales (this might take a while)...
[   12.233014] cloud-init[1313]:   en_US.UTF-8... done
[   12.233525] cloud-init[1313]: Generation complete.
[   12.486268] cloud-init[1313]: Cloud-init v. 19.4-33-gbb4131a2-0ubuntu1~16.04.1 running 'modules:config' at Sat, 09 May 2020 08:30:13 +0000. Up 11.54 seconds.
ci-info: no authorized SSH keys fingerprints found for user ubuntu.
<14>May  9 08:30:14 ec2: 
<14>May  9 08:30:14 ec2: #############################################################
<14>May  9 08:30:14 ec2: -----BEGIN SSH HOST KEY FINGERPRINTS-----
<14>May  9 08:30:14 ec2: 1024 SHA256:N8/zQYjw5+JHEQ9Aw/rNl3ZE3BSI82rCLKikk8Ml1Zo root@ubuntu-xenial (DSA)
<14>May  9 08:30:14 ec2: 256 SHA256:xabUYdSyiO5ixqN3D+pT0+d4uMWY7XtEbLpe8+LWjZk root@ubuntu-xenial (ECDSA)
<14>May  9 08:30:14 ec2: 256 SHA256:Th57/D5J6ignAj6Ob+Bi+VNod2BmsD29aGqaPlbFPEc root@ubuntu-xenial (ED25519)
<14>May  9 08:30:14 ec2: 2048 SHA256:xEzkIQA/BKhiJ+l70+5blrAFebcKZ++TbzCAPyXHjug root@ubuntu-xenial (RSA)
<14>May  9 08:30:14 ec2: -----END SSH HOST KEY FINGERPRINTS-----
<14>May  9 08:30:14 ec2: #############################################################
-----BEGIN SSH HOST KEY KEYS-----
ecdsa-sha2-nistp256 AAAAE2VjZHNhLXNoYTItbmlzdHAyNTYAAAAIbmlzdHAyNTYAAABBBGljgXIAlCyhUqC6IPTX96bwAFbP8hLD5xu0yS6L6O7HzUyOq6+4YGgJ2tOaIjiYWpRVmAq0/4+CaixgeDdO4BY= root@ubuntu-xenial
ssh-ed25519 AAAAC3NzaC1lZDI1NTE5AAAAILuXYurC8JmaJqTFqPm9/9MWUIs1tbtLl7AF2HF6aHR6 root@ubuntu-xenial
ssh-rsa AAAAB3NzaC1yc2EAAAADAQABAAABAQC8u3+/HLYzHIq58ODskhSWeRot1xrPVUyEoQM+/71EasVTQS76IICBQ6jUXe1RbjttfFeslaTeuDegAM/X2PTVgSaDEE96Pg97E2Yr7YYrweK9f3iTzoXpL8orxRz52xoGs2Pw/Qqn4xbgRfx+F01is1oK+1z2gb1Cwo5xj4r0WayBk81M6NqmdrZDLW6RhwJBIxdcZI0fFV4v+XuYXuEUG78hu5g1jTcsBjHuAYoyPJ2nNnKHE0bgViYwiKZCxJK7BYe+LE0e07Ntn+9BK5uQAmTTzk7bT8Jj6He17DKw4VHRsv8K7BmeMoNYMbwbRt1VB9+P8Hp5y1iaI8MEB6vH root@ubuntu-xenial
-----END SSH HOST KEY KEYS-----
[   12.900440] cloud-init[1359]: Cloud-init v. 19.4-33-gbb4131a2-0ubuntu1~16.04.1 running 'modules:final' at Sat, 09 May 2020 08:30:14 +0000. Up 12.77 seconds.
[   12.900815] cloud-init[1359]: ci-info: no authorized SSH keys fingerprints found for user ubuntu.
[   12.901122] cloud-init[1359]: Cloud-init v. 19.4-33-gbb4131a2-0ubuntu1~16.04.1 finished at Sat, 09 May 2020 08:30:14 +0000. Datasource DataSourceNoCloud [seed=/dev/sdb][dsmode=net].  Up 12.89 seconds

Ubuntu 16.04.6 LTS ubuntu-xenial ttyS0

ubuntu-xenial login: 